[0.235s] DEBUG:colcon:Command line arguments: ['/usr/bin/colcon', 'list', '-p', '--base-paths', '/home/daniel/dv24/src/drivers/Xsens_MTi_ROS_Driver_and_Ntrip_Client']
[0.235s] DEBUG:colcon:Parsed command line arguments: Namespace(log_base=None, log_level=None, verb_name='list', build_base='build', ignore_user_meta=False, metas=['./colcon.meta'], base_paths=['/home/daniel/dv24/src/drivers/Xsens_MTi_ROS_Driver_and_Ntrip_Client'], packages_ignore=None, packages_ignore_regex=None, paths=None, packages_up_to=None, packages_up_to_regex=None, packages_above=None, packages_above_and_dependencies=None, packages_above_depth=None, packages_select_by_dep=None, packages_skip_by_dep=None, packages_skip_up_to=None, packages_select_build_failed=False, packages_skip_build_finished=False, packages_select_test_failures=False, packages_skip_test_passed=False, packages_select=None, packages_skip=None, packages_select_regex=None, packages_skip_regex=None, packages_start=None, packages_end=None, allow_overriding=[], topological_order=False, names_only=False, paths_only=True, topological_graph=False, topological_graph_dot=False, topological_graph_density=False, topological_graph_legend=False, topological_graph_dot_cluster=False, topological_graph_dot_include_skipped=False, mixin_files=None, mixin=None, verb_parser=<colcon_mixin.mixin.mixin_argument.MixinArgumentDecorator object at 0x78433303f250>, verb_extension=<colcon_package_information.verb.list.ListVerb object at 0x78433303e170>, main=<bound method ListVerb.main of <colcon_package_information.verb.list.ListVerb object at 0x78433303e170>>, mixin_verb=('list',))
[0.564s] Level 1:colcon.colcon_core.package_discovery:discover_packages(colcon_meta) check parameters
[0.564s] Level 1:colcon.colcon_core.package_discovery:discover_packages(recursive) check parameters
[0.565s] Level 1:colcon.colcon_core.package_discovery:discover_packages(ignore) check parameters
[0.565s] Level 1:colcon.colcon_core.package_discovery:discover_packages(path) check parameters
[0.565s] Level 1:colcon.colcon_core.package_discovery:discover_packages(recursive) discover
[0.565s] INFO:colcon.colcon_core.package_discovery:Crawling recursively for packages in '/home/daniel/dv24/src/drivers/Xsens_MTi_ROS_Driver_and_Ntrip_Client'
[0.565s] Level 1:colcon.colcon_core.package_identification:_identify(/home/daniel/dv24/src/drivers/Xsens_MTi_ROS_Driver_and_Ntrip_Client) by extensions ['ignore', 'ignore_ament_install']
[0.566s] Level 1:colcon.colcon_core.package_identification:_identify(/home/daniel/dv24/src/drivers/Xsens_MTi_ROS_Driver_and_Ntrip_Client) by extension 'ignore'
[0.566s] Level 1:colcon.colcon_core.package_identification:_identify(/home/daniel/dv24/src/drivers/Xsens_MTi_ROS_Driver_and_Ntrip_Client) by extension 'ignore_ament_install'
[0.566s] Level 1:colcon.colcon_core.package_identification:_identify(/home/daniel/dv24/src/drivers/Xsens_MTi_ROS_Driver_and_Ntrip_Client) by extensions ['colcon_pkg']
[0.566s] Level 1:colcon.colcon_core.package_identification:_identify(/home/daniel/dv24/src/drivers/Xsens_MTi_ROS_Driver_and_Ntrip_Client) by extension 'colcon_pkg'
[0.566s] Level 1:colcon.colcon_core.package_identification:_identify(/home/daniel/dv24/src/drivers/Xsens_MTi_ROS_Driver_and_Ntrip_Client) by extensions ['colcon_meta']
[0.566s] Level 1:colcon.colcon_core.package_identification:_identify(/home/daniel/dv24/src/drivers/Xsens_MTi_ROS_Driver_and_Ntrip_Client) by extension 'colcon_meta'
[0.566s] Level 1:colcon.colcon_core.package_identification:_identify(/home/daniel/dv24/src/drivers/Xsens_MTi_ROS_Driver_and_Ntrip_Client) by extensions ['ros']
[0.566s] Level 1:colcon.colcon_core.package_identification:_identify(/home/daniel/dv24/src/drivers/Xsens_MTi_ROS_Driver_and_Ntrip_Client) by extension 'ros'
[0.590s] Level 1:colcon.colcon_core.package_identification:_identify(/home/daniel/dv24/src/drivers/Xsens_MTi_ROS_Driver_and_Ntrip_Client) by extensions ['cmake', 'python']
[0.591s] Level 1:colcon.colcon_core.package_identification:_identify(/home/daniel/dv24/src/drivers/Xsens_MTi_ROS_Driver_and_Ntrip_Client) by extension 'cmake'
[0.591s] Level 1:colcon.colcon_core.package_identification:_identify(/home/daniel/dv24/src/drivers/Xsens_MTi_ROS_Driver_and_Ntrip_Client) by extension 'python'
[0.591s] Level 1:colcon.colcon_core.package_identification:_identify(/home/daniel/dv24/src/drivers/Xsens_MTi_ROS_Driver_and_Ntrip_Client) by extensions ['python_setup_py']
[0.591s] Level 1:colcon.colcon_core.package_identification:_identify(/home/daniel/dv24/src/drivers/Xsens_MTi_ROS_Driver_and_Ntrip_Client) by extension 'python_setup_py'
[0.591s] Level 1:colcon.colcon_core.package_identification:_identify(/home/daniel/dv24/src/drivers/Xsens_MTi_ROS_Driver_and_Ntrip_Client/log) by extensions ['ignore', 'ignore_ament_install']
[0.591s] Level 1:colcon.colcon_core.package_identification:_identify(/home/daniel/dv24/src/drivers/Xsens_MTi_ROS_Driver_and_Ntrip_Client/log) by extension 'ignore'
[0.592s] Level 1:colcon.colcon_core.package_identification:_identify(/home/daniel/dv24/src/drivers/Xsens_MTi_ROS_Driver_and_Ntrip_Client/log) ignored
[0.592s] Level 1:colcon.colcon_core.package_identification:_identify(/home/daniel/dv24/src/drivers/Xsens_MTi_ROS_Driver_and_Ntrip_Client/src) by extensions ['ignore', 'ignore_ament_install']
[0.592s] Level 1:colcon.colcon_core.package_identification:_identify(/home/daniel/dv24/src/drivers/Xsens_MTi_ROS_Driver_and_Ntrip_Client/src) by extension 'ignore'
[0.592s] Level 1:colcon.colcon_core.package_identification:_identify(/home/daniel/dv24/src/drivers/Xsens_MTi_ROS_Driver_and_Ntrip_Client/src) by extension 'ignore_ament_install'
[0.592s] Level 1:colcon.colcon_core.package_identification:_identify(/home/daniel/dv24/src/drivers/Xsens_MTi_ROS_Driver_and_Ntrip_Client/src) by extensions ['colcon_pkg']
[0.592s] Level 1:colcon.colcon_core.package_identification:_identify(/home/daniel/dv24/src/drivers/Xsens_MTi_ROS_Driver_and_Ntrip_Client/src) by extension 'colcon_pkg'
[0.592s] Level 1:colcon.colcon_core.package_identification:_identify(/home/daniel/dv24/src/drivers/Xsens_MTi_ROS_Driver_and_Ntrip_Client/src) by extensions ['colcon_meta']
[0.592s] Level 1:colcon.colcon_core.package_identification:_identify(/home/daniel/dv24/src/drivers/Xsens_MTi_ROS_Driver_and_Ntrip_Client/src) by extension 'colcon_meta'
[0.592s] Level 1:colcon.colcon_core.package_identification:_identify(/home/daniel/dv24/src/drivers/Xsens_MTi_ROS_Driver_and_Ntrip_Client/src) by extensions ['ros']
[0.593s] Level 1:colcon.colcon_core.package_identification:_identify(/home/daniel/dv24/src/drivers/Xsens_MTi_ROS_Driver_and_Ntrip_Client/src) by extension 'ros'
[0.593s] Level 1:colcon.colcon_core.package_identification:_identify(/home/daniel/dv24/src/drivers/Xsens_MTi_ROS_Driver_and_Ntrip_Client/src) by extensions ['cmake', 'python']
[0.593s] Level 1:colcon.colcon_core.package_identification:_identify(/home/daniel/dv24/src/drivers/Xsens_MTi_ROS_Driver_and_Ntrip_Client/src) by extension 'cmake'
[0.593s] Level 1:colcon.colcon_core.package_identification:_identify(/home/daniel/dv24/src/drivers/Xsens_MTi_ROS_Driver_and_Ntrip_Client/src) by extension 'python'
[0.593s] Level 1:colcon.colcon_core.package_identification:_identify(/home/daniel/dv24/src/drivers/Xsens_MTi_ROS_Driver_and_Ntrip_Client/src) by extensions ['python_setup_py']
[0.593s] Level 1:colcon.colcon_core.package_identification:_identify(/home/daniel/dv24/src/drivers/Xsens_MTi_ROS_Driver_and_Ntrip_Client/src) by extension 'python_setup_py'
[0.593s] Level 1:colcon.colcon_core.package_identification:_identify(/home/daniel/dv24/src/drivers/Xsens_MTi_ROS_Driver_and_Ntrip_Client/src/ntrip) by extensions ['ignore', 'ignore_ament_install']
[0.593s] Level 1:colcon.colcon_core.package_identification:_identify(/home/daniel/dv24/src/drivers/Xsens_MTi_ROS_Driver_and_Ntrip_Client/src/ntrip) by extension 'ignore'
[0.593s] Level 1:colcon.colcon_core.package_identification:_identify(/home/daniel/dv24/src/drivers/Xsens_MTi_ROS_Driver_and_Ntrip_Client/src/ntrip) by extension 'ignore_ament_install'
[0.593s] Level 1:colcon.colcon_core.package_identification:_identify(/home/daniel/dv24/src/drivers/Xsens_MTi_ROS_Driver_and_Ntrip_Client/src/ntrip) by extensions ['colcon_pkg']
[0.594s] Level 1:colcon.colcon_core.package_identification:_identify(/home/daniel/dv24/src/drivers/Xsens_MTi_ROS_Driver_and_Ntrip_Client/src/ntrip) by extension 'colcon_pkg'
[0.594s] Level 1:colcon.colcon_core.package_identification:_identify(/home/daniel/dv24/src/drivers/Xsens_MTi_ROS_Driver_and_Ntrip_Client/src/ntrip) by extensions ['colcon_meta']
[0.594s] Level 1:colcon.colcon_core.package_identification:_identify(/home/daniel/dv24/src/drivers/Xsens_MTi_ROS_Driver_and_Ntrip_Client/src/ntrip) by extension 'colcon_meta'
[0.594s] Level 1:colcon.colcon_core.package_identification:_identify(/home/daniel/dv24/src/drivers/Xsens_MTi_ROS_Driver_and_Ntrip_Client/src/ntrip) by extensions ['ros']
[0.594s] Level 1:colcon.colcon_core.package_identification:_identify(/home/daniel/dv24/src/drivers/Xsens_MTi_ROS_Driver_and_Ntrip_Client/src/ntrip) by extension 'ros'
[0.600s] DEBUG:colcon.colcon_core.package_identification:Package '/home/daniel/dv24/src/drivers/Xsens_MTi_ROS_Driver_and_Ntrip_Client/src/ntrip' with type 'ros.ament_cmake' and name 'ntrip'
[0.600s] Level 1:colcon.colcon_core.package_identification:_identify(/home/daniel/dv24/src/drivers/Xsens_MTi_ROS_Driver_and_Ntrip_Client/src/xsens_mti_ros2_driver) by extensions ['ignore', 'ignore_ament_install']
[0.602s] Level 1:colcon.colcon_core.package_identification:_identify(/home/daniel/dv24/src/drivers/Xsens_MTi_ROS_Driver_and_Ntrip_Client/src/xsens_mti_ros2_driver) by extension 'ignore'
[0.602s] Level 1:colcon.colcon_core.package_identification:_identify(/home/daniel/dv24/src/drivers/Xsens_MTi_ROS_Driver_and_Ntrip_Client/src/xsens_mti_ros2_driver) by extension 'ignore_ament_install'
[0.602s] Level 1:colcon.colcon_core.package_identification:_identify(/home/daniel/dv24/src/drivers/Xsens_MTi_ROS_Driver_and_Ntrip_Client/src/xsens_mti_ros2_driver) by extensions ['colcon_pkg']
[0.602s] Level 1:colcon.colcon_core.package_identification:_identify(/home/daniel/dv24/src/drivers/Xsens_MTi_ROS_Driver_and_Ntrip_Client/src/xsens_mti_ros2_driver) by extension 'colcon_pkg'
[0.603s] Level 1:colcon.colcon_core.package_identification:_identify(/home/daniel/dv24/src/drivers/Xsens_MTi_ROS_Driver_and_Ntrip_Client/src/xsens_mti_ros2_driver) by extensions ['colcon_meta']
[0.603s] Level 1:colcon.colcon_core.package_identification:_identify(/home/daniel/dv24/src/drivers/Xsens_MTi_ROS_Driver_and_Ntrip_Client/src/xsens_mti_ros2_driver) by extension 'colcon_meta'
[0.603s] Level 1:colcon.colcon_core.package_identification:_identify(/home/daniel/dv24/src/drivers/Xsens_MTi_ROS_Driver_and_Ntrip_Client/src/xsens_mti_ros2_driver) by extensions ['ros']
[0.603s] Level 1:colcon.colcon_core.package_identification:_identify(/home/daniel/dv24/src/drivers/Xsens_MTi_ROS_Driver_and_Ntrip_Client/src/xsens_mti_ros2_driver) by extension 'ros'
[0.605s] DEBUG:colcon.colcon_core.package_identification:Package '/home/daniel/dv24/src/drivers/Xsens_MTi_ROS_Driver_and_Ntrip_Client/src/xsens_mti_ros2_driver' with type 'ros.ament_cmake' and name 'xsens_mti_ros2_driver'
[0.605s] Level 1:colcon.colcon_core.package_discovery:discover_packages(recursive) using defaults
